Iteration	dispersal_rate	extirpation_rate	p_sympatry	r_morph
0	0.006564363	0.009844314	0.08296421	0.3487306
10	0.005715459	0.005989077	0.03419409	0.2290006
20	0.01235925	0.01314342	0.03774766	0.2582151
30	0.007031011	0.005970156	0.05850588	0.282884
40	0.00734616	0.01074123	0.03858241	0.2594243
50	0.00580723	0.002302973	0.09095244	0.550872
60	0.009548463	0.0004040857	0.02387501	0.1998546
70	0.01136797	0.01670219	0.155702	0.7632473
80	0.005353012	0.001650904	0.2381993	0.1851565
90	0.006925427	0.004863075	0.2774737	0.2116621
100	0.005782189	0.004213273	0.02474625	0.3532849
110	0.004661922	0.001957046	0.1942965	0.1401684
120	0.007912354	0.0221042	0.1068422	0.1424149
130	0.006257698	0.001351559	0.02448806	0.3928791
140	0.008679047	0.001740148	0.05284269	0.4003419
150	0.004127076	0.003657401	0.0441532	0.2690454
160	0.006578688	0.0072754	0.06095233	0.274332
170	0.006705022	0.0003977197	0.06151994	0.2702257
180	0.006373476	0.0006862989	0.1632886	0.3866249
190	0.006006385	0.01912995	0.06617096	0.2488999
200	0.007356741	0.003446595	0.1018196	0.4212703
210	0.005548498	0.004717723	0.01045657	0.1726759
220	0.005258777	0.0001375034	0.07795902	0.5091771
230	0.005388662	0.003393468	0.1208745	0.3108845
240	0.009112867	0.001281585	0.1151941	0.4213536
250	0.006359515	0.004080345	0.281993	0.2535953
260	0.006485239	0.01223396	0.1873303	0.2722855
270	0.005863583	0.01234923	0.2359467	0.3606409
280	0.004443555	0.007115668	0.03145131	0.242107
290	0.004506368	0.001606162	0.07959886	0.3698065
300	0.007752487	0.00411998	0.08202679	0.2224025
310	0.002738126	0.01507303	0.1166456	0.4290148
320	0.003805975	0.001087601	0.1230118	0.4806025
330	0.008119063	0.006486613	0.05301765	0.2800427
340	0.009828016	0.01251407	0.4007239	0.2323998
350	0.005108407	0.006906453	0.008154968	0.3933794
360	0.005857226	0.005127873	0.1077431	0.2872165
370	0.007740078	0.001136115	0.12115	0.2465489
380	0.007075695	0.002624357	0.05289274	0.2749803
390	0.008771716	0.02803317	0.03846603	0.1636872
400	0.005472145	0.0104322	0.08776739	0.4614628
410	0.007384665	0.004837279	0.08107116	0.6071576
420	0.008258895	0.02804599	0.02669571	0.3562471
430	0.006623129	0.006033806	0.08414825	0.2707267
440	0.008666385	0.008656634	0.04128363	0.251522
450	0.005553787	0.01554757	0.2016834	0.4562511
460	0.005136275	0.01119691	0.02894666	0.4154651
470	0.007582059	0.005318736	0.1310358	0.3809957
480	0.003969989	0.007714471	0.3306367	0.4831982
490	0.007225279	0.01705956	0.179299	0.1864898
500	0.005657997	0.02164745	0.1095749	0.3392815
510	0.005784565	0.008428856	0.02063718	0.2122747
520	0.004895081	0.01128053	0.0777413	0.1844255
530	0.004747224	0.004570933	0.2757176	0.3005032
540	0.006853264	0.004220799	0.05603585	0.2800509
550	0.004645103	0.01027756	0.1820222	0.2441663
560	0.008620958	0.0136818	0.07088856	0.2148607
570	0.009916499	0.00759469	0.1464234	0.3372633
580	0.005751986	0.00201713	0.2722293	0.3025907
590	0.00739007	0.001245976	0.2613061	0.3950747
600	0.008498821	0.01882078	0.005084856	0.2215719
610	0.01008594	0.01331491	0.06398849	0.6779306
620	0.008134882	0.02658016	0.1164632	0.2211893
630	0.01112374	0.01867216	0.1645796	0.2669876
640	0.008440227	0.001068343	0.06606212	0.3571169
650	0.006699784	0.001234898	0.1538683	0.1712556
660	0.004990683	0.007240685	0.2787599	0.2326468
670	0.00698686	0.004865581	0.00833945	0.4713627
680	0.006631015	0.005188398	0.02282143	0.321284
690	0.008752213	0.00393814	0.2453236	0.3157264
700	0.009060747	0.02116045	0.0258818	0.2275407
710	0.007210484	0.01292857	0.0950331	0.3787965
720	0.006983924	0.005899442	0.06711718	0.5506085
730	0.006713021	0.005944646	0.2151563	0.4314732
740	0.007763958	0.0005138725	0.2618024	0.2516728
750	0.005057834	0.004620997	0.2215437	0.300089
760	0.007933647	0.009268306	0.155628	0.2316879
770	0.009208175	0.01003422	0.01555805	0.3003665
780	0.005145105	0.01495621	0.03772874	0.3312993
790	0.008503942	0.005903217	0.06703463	0.2091403
800	0.004161969	0.00190018	0.1100642	0.1705085
810	0.009412923	0.003042395	0.1371702	0.2336318
820	0.006931895	0.0114249	0.03243382	0.2169911
830	0.01064077	0.00470487	0.1087603	0.2516653
840	0.005051465	0.007777578	0.04657269	0.196311
850	0.006552905	0.0009291062	0.1394732	0.3328763
860	0.009905579	0.008414214	0.04109489	0.2262822
870	0.004567092	0.03891783	0.1530587	0.2239955
880	0.008955755	0.01462728	0.06032813	0.3876333
890	0.01050173	0.02255918	0.02743375	0.1972558
900	0.005936842	0.001843403	0.08722572	0.1869212
910	0.005161465	0.0004220908	0.05068989	0.2820345
920	0.004927738	0.001716801	0.2352275	0.1813229
930	0.00864407	0.0106474	0.2213583	0.2568518
940	0.007621465	0.0122367	0.02180704	0.3336077
950	0.01131324	0.01621084	0.06887471	0.2243541
960	0.006351312	0.004265328	0.01675865	0.2391621
970	0.004911806	0.008198727	0.1547858	0.200689
980	0.005205914	0.003055362	0.3460113	0.1654351
990	0.007110052	0.001499407	0.05692238	0.218733
1000	0.007327053	0.01875602	0.1346128	0.2057005
1010	0.006208334	0.01396716	0.1653686	0.2898917
1020	0.006720604	0.004311941	0.1663551	0.2301841
1030	0.004800552	0.002675513	0.1528294	0.324069
1040	0.007899571	0.004791136	0.07086651	0.3735424
1050	0.009494137	0.004106097	0.1457692	0.3509783
1060	0.01040531	0.01373891	0.04416648	0.200261
1070	0.008746993	0.002678926	0.4213544	0.1506208
1080	0.004426991	0.01412239	0.05503139	0.3244316
1090	0.009357006	0.0001653204	0.06737173	0.2163151
1100	0.009280702	0.01425407	0.05595606	0.2025908
1110	0.006427916	0.006248453	0.1977949	0.2163416
1120	0.005000801	0.02218277	0.2068355	0.2747131
1130	0.009536152	0.009260163	0.05024607	0.1665328
1140	0.005489916	0.003431622	0.1181488	0.290987
1150	0.007301147	0.0002661592	0.003106181	0.3311978
1160	0.005361075	0.003999954	0.04351733	0.3987084
1170	0.01156673	0.01699152	0.206977	0.3948223
1180	0.005869312	0.009685085	0.2392117	0.1366748
1190	0.007539324	0.007999694	0.1061394	0.3355779
1200	0.004994075	0.004311199	0.04303643	0.5154546
1210	0.00594897	0.001779747	0.01610792	0.2492449
1220	0.006713555	0.003521597	0.0389879	0.4495176
1230	0.005635578	0.01356337	0.1867197	0.2690814
1240	0.007827096	0.005601269	0.1594423	0.3567323
1250	0.005106299	0.003200742	0.00200383	0.2791428
1260	0.007182008	0.02159804	0.02190627	0.1893506
1270	0.007884247	0.002167068	0.2170324	0.2268866
1280	0.007658259	0.002623748	0.005275589	0.3267813
1290	0.007627403	0.0009421222	0.07319625	0.2079323
1300	0.005019967	0.004033305	0.02833877	0.5185705
1310	0.006674734	0.007200473	0.1835536	0.3975068
1320	0.007675566	0.005269846	0.07053673	0.1608308
1330	0.006710584	0.0006924415	0.0154992	0.342277
1340	0.007585007	0.002594033	0.01698006	0.3374591
1350	0.01070097	0.01377774	0.04023136	0.4529156
1360	0.008274997	0.003348677	0.02168823	0.2857371
1370	0.007142326	0.01180596	0.03308873	0.3023426
1380	0.004952213	0.003853831	0.05732855	0.3998747
1390	0.00396942	0.004813018	0.2456185	0.3678858
1400	0.005144604	0.002037133	0.0163854	0.5697269
1410	0.009487711	0.001606309	0.07622689	0.2698954
1420	0.007416895	0.008111907	0.04732443	0.455759
1430	0.006946976	0.001266812	0.02228063	0.1842292
1440	0.00844163	0.006264457	0.2911985	0.1961418
1450	0.004911256	0.01491314	0.09910241	0.4610639
1460	0.005105968	0.01288997	0.05097189	0.7176969
1470	0.005874472	0.001947631	0.08963259	0.2429686
1480	0.007661398	0.008857526	0.09200714	0.3644524
1490	0.008593011	0.02206951	0.06597691	0.3981728
1500	0.005342471	0.01823906	0.2846826	0.2588377
